2026-03-26 11:20:29.298 [main] INFO  Utils -  - [TestNG] Running:
  C:\Users\DREAMWORLD\AppData\Local\JetBrains\IdeaIC2025.2\temp-testng-customsuite.xml

2026-03-26 11:20:29.414 [main] INFO  BaseTest -  - ===== Starting Test Setup on thread: main =====
2026-03-26 11:20:29.420 [main] INFO  BaseTest -  - No TestNG browser parameter provided. Falling back to config: chrome
2026-03-26 11:20:29.422 [main] INFO  DriverFactory -  - Initiating driver on for browser chrome on threadmain
2026-03-26 11:20:32.303 [main] INFO  DriverManager -  - Chrome Driver Instance Is Created
2026-03-26 11:20:32.303 [main] DEBUG DriverManager -  - Driver instance created successfully: ChromeDriver: chrome on windows (6a2e004064463eacb64b3a52999a1558)
2026-03-26 11:20:32.303 [main] DEBUG DriverFactory -  - WebDriver instance set in ThreadLocal for thread: main
2026-03-26 11:20:32.304 [main] DEBUG BaseTest -  - WebDriver initialized successfully
2026-03-26 11:20:32.307 [main] DEBUG ActionDriver -  - ActionDriver initialized with explicitWait=30 seconds
2026-03-26 11:20:32.307 [main] DEBUG BaseTest -  - ActionDriver initialized..........
2026-03-26 11:20:32.307 [main] INFO  BaseTest -  - Configuring Browser Settings...
2026-03-26 11:20:32.307 [main] DEBUG BaseTest -  - Setting implicit wait to 2 seconds
2026-03-26 11:20:32.311 [main] INFO  BaseTest -  - Maximizing browser window
2026-03-26 11:20:36.832 [main] INFO  BaseTest -  - Navigating to URL: https://uat.carecoordinations.com/
2026-03-26 11:20:37.412 [main] INFO  BaseTest -  - Persona Login --> role: SYSTEM_ADMIN |  Company Type: NONINTEGRATED | Organization Structure: MULTI_BRANCH | Email: max.admin@yopmail.com
2026-03-26 11:20:37.415 [main] INFO  AuthHelper -  - Logging in with Persona Email: max.admin@yopmail.com
2026-03-26 11:20:37.415 [main] DEBUG ActionDriver -  - Waiting for element to be clickable: By.xpath: //a[@class='top-nav-btn'][normalize-space()='Log In']
2026-03-26 11:20:37.465 [main] INFO  ActionDriver -  - Clicking element: By.xpath: //a[@class='top-nav-btn'][normalize-space()='Log In']
2026-03-26 11:20:37.465 [main] DEBUG ActionDriver -  - Waiting for element to be clickable: By.xpath: //a[@class='top-nav-btn'][normalize-space()='Log In']
2026-03-26 11:20:40.159 [main] INFO  LandingPage -  - Click on log in page from landing page
2026-03-26 11:20:40.159 [main] INFO  LoginPage -  - Adding Username and Password max.admin@yopmail.com Admin@123
2026-03-26 11:20:40.159 [main] INFO  ActionDriver -  - Entering text into By.id: email
2026-03-26 11:20:40.160 [main] DEBUG ActionDriver -  - Waiting for visibility of: By.id: email
2026-03-26 11:20:40.205 [main] INFO  ActionDriver -  - The element status is : true
2026-03-26 11:20:40.351 [main] INFO  ActionDriver -  - Entering text into By.id: password
2026-03-26 11:20:40.351 [main] DEBUG ActionDriver -  - Waiting for visibility of: By.id: password
2026-03-26 11:20:40.402 [main] INFO  ActionDriver -  - The element status is : true
2026-03-26 11:20:40.557 [main] INFO  ActionDriver -  - Clicking element: By.xpath: //button[@id='FinalCommonLoginBtn']
2026-03-26 11:20:40.558 [main] DEBUG ActionDriver -  - Waiting for element to be clickable: By.xpath: //button[@id='FinalCommonLoginBtn']
2026-03-26 11:20:40.821 [main] INFO  LoginPage -  - Clicking  on login button ......
2026-03-26 11:20:40.822 [main] INFO  BaseTest -  - === Test Setup completed ===
2026-03-26 11:20:40.838 [main] DEBUG ActionDriver -  - ActionDriver initialized with explicitWait=30 seconds
2026-03-26 11:20:48.631 [main] INFO  ActionDriver -  - Clicking element: By.xpath: //a[contains(@href,'manage-team')]
2026-03-26 11:20:48.631 [main] DEBUG ActionDriver -  - Waiting for element to be clickable: By.xpath: //a[contains(@href,'manage-team')]
2026-03-26 11:20:52.106 [main] INFO  HeaderPage -  - Manage team Clicked from header menus
2026-03-26 11:20:52.107 [main] INFO  ActionDriver -  - Clicking element: By.id: createInviteUser
2026-03-26 11:20:52.108 [main] DEBUG ActionDriver -  - Waiting for element to be clickable: By.id: createInviteUser
2026-03-26 11:20:52.237 [main] INFO  InviteUserModal -  - Click on Invite User button from Manage team
2026-03-26 11:20:52.510 [main] DEBUG ActionDriver -  - Waiting for element to be clickable: By.xpath: //div[@id='branchedSelectDiv']//button
2026-03-26 11:20:52.630 [main] DEBUG ActionDriver -  - Waiting for visibility of all the elements: By.xpath: //div[@id='branchedSelectDiv']//div[contains(@class,'dropdown-menu')]//span[@class='text']
2026-03-26 11:20:52.836 [main] INFO  InviteUserModal -  - The User selected Branch : Sigma Hospice TX Branch
2026-03-26 11:20:52.836 [main] DEBUG ActionDriver -  - Waiting for element to be clickable: By.xpath: //div[@id='userTypeSelectDiv']//button
2026-03-26 11:20:52.947 [main] DEBUG ActionDriver -  - Waiting for visibility of all the elements: By.xpath: //div[@id='userTypeSelectDiv']//div[contains(@class,'dropdown-menu')]//span[@class='text']
2026-03-26 11:20:53.137 [main] INFO  InviteUserModal -  - The User role Branch Admin is selected from By.id: addInvitationUserType
2026-03-26 11:20:53.137 [main] INFO  ActionDriver -  - Entering text into By.xpath: //div[@id='commonManageTeamModalBody']//input[@id='first_name']
2026-03-26 11:20:53.137 [main] DEBUG ActionDriver -  - Waiting for visibility of: By.xpath: //div[@id='commonManageTeamModalBody']//input[@id='first_name']
2026-03-26 11:20:53.168 [main] INFO  ActionDriver -  - The element status is : true
2026-03-26 11:20:53.309 [main] INFO  ActionDriver -  - Entering text into By.xpath: //div[@id='commonManageTeamModalBody']//input[@id='last_name']
2026-03-26 11:20:53.309 [main] DEBUG ActionDriver -  - Waiting for visibility of: By.xpath: //div[@id='commonManageTeamModalBody']//input[@id='last_name']
2026-03-26 11:20:53.342 [main] INFO  ActionDriver -  - The element status is : true
2026-03-26 11:20:53.577 [main] INFO  ActionDriver -  - Entering text into By.xpath: //div[@id='commonManageTeamModalBody']//input[@id='email']
2026-03-26 11:20:53.577 [main] DEBUG ActionDriver -  - Waiting for visibility of: By.xpath: //div[@id='commonManageTeamModalBody']//input[@id='email']
2026-03-26 11:20:53.608 [main] INFO  ActionDriver -  - The element status is : true
2026-03-26 11:20:53.671 [main] DEBUG ActionDriver -  - Waiting for element to be clickable: By.xpath: //button[@data-id='addInvitationCountryId']
2026-03-26 11:20:53.753 [main] DEBUG ActionDriver -  - Waiting for visibility of all the elements: By.xpath: //button[@data-id='addInvitationCountryId']/following::div[contains(@class,'dropdown-menu')]//span
2026-03-26 11:21:23.977 [main] ERROR ActionDriver -  -  All the Elements are not visible: By.xpath: //button[@data-id='addInvitationCountryId']/following::div[contains(@class,'dropdown-menu')]//span
2026-03-26 11:21:23.990 [main] DEBUG BaseTest -  - @AfterMethod optional cleanup for thread: main
2026-03-26 11:21:23.990 [main] INFO  BaseTest -  - Attempting logout after test
2026-03-26 11:21:23.990 [main] DEBUG ActionDriver -  - Waiting for element to be clickable: By.id: headerUserName
2026-03-26 11:21:24.026 [main] INFO  ActionDriver -  - Clicking element: By.id: headerUserName
2026-03-26 11:21:24.026 [main] DEBUG ActionDriver -  - Waiting for element to be clickable: By.id: headerUserName
2026-03-26 11:21:25.167 [main] INFO  AppDashboardPage -  - Clicked on User Profile ....
2026-03-26 11:21:25.167 [main] DEBUG ActionDriver -  - Waiting for element to be clickable: By.xpath: //a[@class='dropdown-item cursor-pointer']
2026-03-26 11:21:25.202 [main] INFO  ActionDriver -  - Clicking element: By.xpath: //a[@class='dropdown-item cursor-pointer']
2026-03-26 11:21:25.202 [main] DEBUG ActionDriver -  - Waiting for element to be clickable: By.xpath: //a[@class='dropdown-item cursor-pointer']
2026-03-26 11:21:26.349 [main] INFO  AppDashboardPage -  - Clicked on logout from User Profile modal.....
2026-03-26 11:21:26.349 [main] DEBUG ActionDriver -  - Waiting for element to be clickable: By.xpath: //button[@id='actionYes']
2026-03-26 11:21:26.939 [main] INFO  ActionDriver -  - Clicking element: By.xpath: //button[@id='actionYes']
2026-03-26 11:21:26.939 [main] DEBUG ActionDriver -  - Waiting for element to be clickable: By.xpath: //button[@id='actionYes']
2026-03-26 11:21:28.966 [main] INFO  AppDashboardPage -  - The user click on confirm to logout.... 
2026-03-26 11:21:28.966 [main] INFO  BaseTest -  - Logout performed
2026-03-26 11:21:28.966 [main] INFO  DriverFactory -  - Quitting WebDriver for thread: main
2026-03-26 11:21:29.782 [main] DEBUG DriverFactory -  - WebDriver removed from ThreadLocal for thread: main
2026-03-26 11:21:29.782 [main] INFO  BaseTest -  - WebDriver quit and ThreadLocal cleared
2026-03-26 11:23:17.187 [main] INFO  Utils -  - [TestNG] Running:
  C:\Users\DREAMWORLD\AppData\Local\JetBrains\IdeaIC2025.2\temp-testng-customsuite.xml

2026-03-26 11:23:17.312 [main] INFO  BaseTest -  - ===== Starting Test Setup on thread: main =====
2026-03-26 11:23:17.315 [main] INFO  BaseTest -  - No TestNG browser parameter provided. Falling back to config: chrome
2026-03-26 11:23:17.318 [main] INFO  DriverFactory -  - Initiating driver on for browser chrome on threadmain
2026-03-26 11:23:19.010 [main] INFO  DriverManager -  - Chrome Driver Instance Is Created
2026-03-26 11:23:19.011 [main] DEBUG DriverManager -  - Driver instance created successfully: ChromeDriver: chrome on windows (d93b5a1a20417778a97d5d73aaf45b73)
2026-03-26 11:23:19.011 [main] DEBUG DriverFactory -  - WebDriver instance set in ThreadLocal for thread: main
2026-03-26 11:23:19.011 [main] DEBUG BaseTest -  - WebDriver initialized successfully
2026-03-26 11:23:19.014 [main] DEBUG ActionDriver -  - ActionDriver initialized with explicitWait=30 seconds
2026-03-26 11:23:19.015 [main] DEBUG BaseTest -  - ActionDriver initialized..........
2026-03-26 11:23:19.015 [main] INFO  BaseTest -  - Configuring Browser Settings...
2026-03-26 11:23:19.016 [main] DEBUG BaseTest -  - Setting implicit wait to 2 seconds
2026-03-26 11:23:19.022 [main] INFO  BaseTest -  - Maximizing browser window
2026-03-26 11:23:23.223 [main] INFO  BaseTest -  - Navigating to URL: https://uat.carecoordinations.com/
2026-03-26 11:23:24.086 [main] INFO  BaseTest -  - Persona Login --> role: SYSTEM_ADMIN |  Company Type: NONINTEGRATED | Organization Structure: MULTI_BRANCH | Email: max.admin@yopmail.com
2026-03-26 11:23:24.089 [main] INFO  AuthHelper -  - Logging in with Persona Email: max.admin@yopmail.com
2026-03-26 11:23:24.090 [main] DEBUG ActionDriver -  - Waiting for element to be clickable: By.xpath: //a[@class='top-nav-btn'][normalize-space()='Log In']
2026-03-26 11:23:24.145 [main] INFO  ActionDriver -  - Clicking element: By.xpath: //a[@class='top-nav-btn'][normalize-space()='Log In']
2026-03-26 11:23:24.146 [main] DEBUG ActionDriver -  - Waiting for element to be clickable: By.xpath: //a[@class='top-nav-btn'][normalize-space()='Log In']
2026-03-26 11:23:26.934 [main] INFO  LandingPage -  - Click on log in page from landing page
2026-03-26 11:23:26.935 [main] INFO  LoginPage -  - Adding Username and Password max.admin@yopmail.com Admin@123
2026-03-26 11:23:26.935 [main] INFO  ActionDriver -  - Entering text into By.id: email
2026-03-26 11:23:26.936 [main] DEBUG ActionDriver -  - Waiting for visibility of: By.id: email
2026-03-26 11:23:26.994 [main] INFO  ActionDriver -  - The element status is : true
2026-03-26 11:23:27.152 [main] INFO  ActionDriver -  - Entering text into By.id: password
2026-03-26 11:23:27.152 [main] DEBUG ActionDriver -  - Waiting for visibility of: By.id: password
2026-03-26 11:23:27.194 [main] INFO  ActionDriver -  - The element status is : true
2026-03-26 11:23:27.291 [main] INFO  ActionDriver -  - Clicking element: By.xpath: //button[@id='FinalCommonLoginBtn']
2026-03-26 11:23:27.291 [main] DEBUG ActionDriver -  - Waiting for element to be clickable: By.xpath: //button[@id='FinalCommonLoginBtn']
2026-03-26 11:23:27.447 [main] INFO  LoginPage -  - Clicking  on login button ......
2026-03-26 11:23:27.448 [main] INFO  BaseTest -  - === Test Setup completed ===
2026-03-26 11:23:27.464 [main] DEBUG ActionDriver -  - ActionDriver initialized with explicitWait=30 seconds
2026-03-26 11:23:33.977 [main] INFO  ActionDriver -  - Clicking element: By.xpath: //a[contains(@href,'manage-team')]
2026-03-26 11:23:33.979 [main] DEBUG ActionDriver -  - Waiting for element to be clickable: By.xpath: //a[contains(@href,'manage-team')]
2026-03-26 11:23:37.689 [main] INFO  HeaderPage -  - Manage team Clicked from header menus
2026-03-26 11:23:37.690 [main] INFO  ActionDriver -  - Clicking element: By.id: createInviteUser
2026-03-26 11:23:37.690 [main] DEBUG ActionDriver -  - Waiting for element to be clickable: By.id: createInviteUser
2026-03-26 11:23:37.825 [main] INFO  InviteUserModal -  - Click on Invite User button from Manage team
2026-03-26 11:23:38.065 [main] DEBUG ActionDriver -  - Waiting for element to be clickable: By.xpath: //div[@id='branchedSelectDiv']//button
2026-03-26 11:23:38.200 [main] DEBUG ActionDriver -  - Waiting for visibility of all the elements: By.xpath: //div[@id='branchedSelectDiv']//div[contains(@class,'dropdown-menu')]//span[@class='text']
2026-03-26 11:23:38.375 [main] INFO  InviteUserModal -  - The User selected Branch : Sigma Hospice TX Branch
2026-03-26 11:23:38.375 [main] DEBUG ActionDriver -  - Waiting for element to be clickable: By.xpath: //div[@id='userTypeSelectDiv']//button
2026-03-26 11:23:38.499 [main] DEBUG ActionDriver -  - Waiting for visibility of all the elements: By.xpath: //div[@id='userTypeSelectDiv']//div[contains(@class,'dropdown-menu')]//span[@class='text']
2026-03-26 11:23:38.677 [main] INFO  InviteUserModal -  - The User role Branch Admin is selected from By.id: addInvitationUserType
2026-03-26 11:23:38.677 [main] INFO  ActionDriver -  - Entering text into By.xpath: //div[@id='commonManageTeamModalBody']//input[@id='first_name']
2026-03-26 11:23:38.677 [main] DEBUG ActionDriver -  - Waiting for visibility of: By.xpath: //div[@id='commonManageTeamModalBody']//input[@id='first_name']
2026-03-26 11:23:38.706 [main] INFO  ActionDriver -  - The element status is : true
2026-03-26 11:23:38.800 [main] INFO  ActionDriver -  - Entering text into By.xpath: //div[@id='commonManageTeamModalBody']//input[@id='last_name']
2026-03-26 11:23:38.800 [main] DEBUG ActionDriver -  - Waiting for visibility of: By.xpath: //div[@id='commonManageTeamModalBody']//input[@id='last_name']
2026-03-26 11:23:38.833 [main] INFO  ActionDriver -  - The element status is : true
2026-03-26 11:23:38.927 [main] INFO  ActionDriver -  - Entering text into By.xpath: //div[@id='commonManageTeamModalBody']//input[@id='email']
2026-03-26 11:23:38.927 [main] DEBUG ActionDriver -  - Waiting for visibility of: By.xpath: //div[@id='commonManageTeamModalBody']//input[@id='email']
2026-03-26 11:23:38.955 [main] INFO  ActionDriver -  - The element status is : true
2026-03-26 11:23:39.155 [main] DEBUG ActionDriver -  - Waiting for element to be clickable: By.xpath: //button[@data-id='addInvitationCountryId']
2026-03-26 11:23:39.276 [main] DEBUG ActionDriver -  - Waiting for visibility of all the elements: By.xpath: //button[@data-id='addInvitationCountryId']/following::div[contains(@class,'dropdown-menu')]//span
2026-03-26 11:23:39.524 [main] INFO  ActionDriver -  - Entering text into By.xpath: //div[@id='commonManageTeamModalBody']//input[@id='phone']
2026-03-26 11:23:39.524 [main] DEBUG ActionDriver -  - Waiting for visibility of: By.xpath: //div[@id='commonManageTeamModalBody']//input[@id='phone']
2026-03-26 11:23:39.554 [main] INFO  ActionDriver -  - The element status is : true
2026-03-26 11:23:39.687 [main] INFO  InviteUserModal -  - Phone :- countryCode:+91 - Phone:9937463131
2026-03-26 11:23:39.688 [main] INFO  ActionDriver -  - Clicking element: By.id: inviteUserTeamBtn
2026-03-26 11:23:39.688 [main] DEBUG ActionDriver -  - Waiting for element to be clickable: By.id: inviteUserTeamBtn
2026-03-26 11:23:39.834 [main] INFO  InviteUserModal -  -  clicked on invite user button from modal
2026-03-26 11:23:39.834 [main] DEBUG ActionDriver -  - Waiting for element to be clickable: By.id: PendingRegTab
2026-03-26 11:23:39.860 [main] INFO  ActionDriver -  - Clicking element: By.id: PendingRegTab
2026-03-26 11:23:39.861 [main] DEBUG ActionDriver -  - Waiting for element to be clickable: By.id: PendingRegTab
2026-03-26 11:23:41.019 [main] INFO  ManageTeamPage -  - Click on Pending tab - Mange team in Team menu....
2026-03-26 11:23:41.019 [main] DEBUG ActionDriver -  - Checking if loader appears: By.xpath: //div[@id='subAdminMainNormalBodySection']//div[contains(@class,'pageAjaxLoader')]
2026-03-26 11:23:41.056 [main] DEBUG ActionDriver -  - Waiting for loader to disappear: By.xpath: //div[@id='subAdminMainNormalBodySection']//div[contains(@class,'pageAjaxLoader')]
2026-03-26 11:23:42.165 [main] DEBUG ActionDriver -  - ActionDriver initialized with explicitWait=30 seconds
2026-03-26 11:23:42.165 [main] DEBUG ActionDriver -  - Waiting for visibility of: By.xpath: //table[@id='manageteamListingsTbl']//th
2026-03-26 11:23:42.259 [main] INFO  TableComponent -  - Table column map created: {Role=2, Mobile Number=3, Name & Title=1, Actions=6, Email address=4, Invited By=5}
2026-03-26 11:23:42.260 [main] DEBUG ActionDriver -  - Waiting for visibility of: By.xpath: //div[contains(@class,'iziToast')]//p[contains(@class,'iziToast-message')]
2026-03-26 11:24:12.354 [main] ERROR ActionDriver -  - Locator not visible: By.xpath: //div[contains(@class,'iziToast')]//p[contains(@class,'iziToast-message')]
2026-03-26 11:24:12.369 [main] DEBUG BaseTest -  - @AfterMethod optional cleanup for thread: main
2026-03-26 11:24:12.371 [main] INFO  BaseTest -  - Attempting logout after test
2026-03-26 11:24:12.371 [main] DEBUG ActionDriver -  - Waiting for element to be clickable: By.id: headerUserName
2026-03-26 11:24:12.402 [main] INFO  ActionDriver -  - Clicking element: By.id: headerUserName
2026-03-26 11:24:12.402 [main] DEBUG ActionDriver -  - Waiting for element to be clickable: By.id: headerUserName
2026-03-26 11:24:13.592 [main] INFO  AppDashboardPage -  - Clicked on User Profile ....
2026-03-26 11:24:13.592 [main] DEBUG ActionDriver -  - Waiting for element to be clickable: By.xpath: //a[@class='dropdown-item cursor-pointer']
2026-03-26 11:24:13.631 [main] INFO  ActionDriver -  - Clicking element: By.xpath: //a[@class='dropdown-item cursor-pointer']
2026-03-26 11:24:13.631 [main] DEBUG ActionDriver -  - Waiting for element to be clickable: By.xpath: //a[@class='dropdown-item cursor-pointer']
2026-03-26 11:24:14.753 [main] INFO  AppDashboardPage -  - Clicked on logout from User Profile modal.....
2026-03-26 11:24:14.753 [main] DEBUG ActionDriver -  - Waiting for element to be clickable: By.xpath: //button[@id='actionYes']
2026-03-26 11:24:15.316 [main] INFO  ActionDriver -  - Clicking element: By.xpath: //button[@id='actionYes']
2026-03-26 11:24:15.317 [main] DEBUG ActionDriver -  - Waiting for element to be clickable: By.xpath: //button[@id='actionYes']
2026-03-26 11:24:17.301 [main] INFO  AppDashboardPage -  - The user click on confirm to logout.... 
2026-03-26 11:24:17.301 [main] INFO  BaseTest -  - Logout performed
2026-03-26 11:24:17.301 [main] INFO  DriverFactory -  - Quitting WebDriver for thread: main
2026-03-26 11:24:17.658 [main] DEBUG DriverFactory -  - WebDriver removed from ThreadLocal for thread: main
2026-03-26 11:24:17.658 [main] INFO  BaseTest -  - WebDriver quit and ThreadLocal cleared
2026-03-26 11:28:08.903 [main] INFO  Utils -  - [TestNG] Running:
  C:\Users\DREAMWORLD\AppData\Local\JetBrains\IdeaIC2025.2\temp-testng-customsuite.xml

2026-03-26 11:28:09.074 [main] INFO  BaseTest -  - ===== Starting Test Setup on thread: main =====
2026-03-26 11:28:09.079 [main] INFO  BaseTest -  - No TestNG browser parameter provided. Falling back to config: chrome
2026-03-26 11:28:09.083 [main] INFO  DriverFactory -  - Initiating driver on for browser chrome on threadmain
2026-03-26 11:28:10.865 [main] INFO  DriverManager -  - Chrome Driver Instance Is Created
2026-03-26 11:28:10.866 [main] DEBUG DriverManager -  - Driver instance created successfully: ChromeDriver: chrome on windows (bb510cb0881711ec4430c57ac93050d9)
2026-03-26 11:28:10.867 [main] DEBUG DriverFactory -  - WebDriver instance set in ThreadLocal for thread: main
2026-03-26 11:28:10.867 [main] DEBUG BaseTest -  - WebDriver initialized successfully
2026-03-26 11:28:10.871 [main] DEBUG ActionDriver -  - ActionDriver initialized with explicitWait=30 seconds
2026-03-26 11:28:10.872 [main] DEBUG BaseTest -  - ActionDriver initialized..........
2026-03-26 11:28:10.872 [main] INFO  BaseTest -  - Configuring Browser Settings...
2026-03-26 11:28:10.872 [main] DEBUG BaseTest -  - Setting implicit wait to 2 seconds
2026-03-26 11:28:10.881 [main] INFO  BaseTest -  - Maximizing browser window
2026-03-26 11:28:14.820 [main] INFO  BaseTest -  - Navigating to URL: https://uat.carecoordinations.com/
2026-03-26 11:28:15.328 [main] INFO  BaseTest -  - Persona Login --> role: SYSTEM_ADMIN |  Company Type: NONINTEGRATED | Organization Structure: MULTI_BRANCH | Email: max.admin@yopmail.com
2026-03-26 11:28:15.333 [main] INFO  AuthHelper -  - Logging in with Persona Email: max.admin@yopmail.com
2026-03-26 11:28:15.334 [main] DEBUG ActionDriver -  - Waiting for element to be clickable: By.xpath: //a[@class='top-nav-btn'][normalize-space()='Log In']
2026-03-26 11:28:15.378 [main] INFO  ActionDriver -  - Clicking element: By.xpath: //a[@class='top-nav-btn'][normalize-space()='Log In']
2026-03-26 11:28:15.378 [main] DEBUG ActionDriver -  - Waiting for element to be clickable: By.xpath: //a[@class='top-nav-btn'][normalize-space()='Log In']
2026-03-26 11:28:18.300 [main] INFO  LandingPage -  - Click on log in page from landing page
2026-03-26 11:28:18.300 [main] INFO  LoginPage -  - Adding Username and Password max.admin@yopmail.com Admin@123
2026-03-26 11:28:18.301 [main] INFO  ActionDriver -  - Entering text into By.id: email
2026-03-26 11:28:18.301 [main] DEBUG ActionDriver -  - Waiting for visibility of: By.id: email
2026-03-26 11:28:18.340 [main] INFO  ActionDriver -  - The element status is : true
2026-03-26 11:28:18.500 [main] INFO  ActionDriver -  - Entering text into By.id: password
2026-03-26 11:28:18.501 [main] DEBUG ActionDriver -  - Waiting for visibility of: By.id: password
2026-03-26 11:28:18.537 [main] INFO  ActionDriver -  - The element status is : true
2026-03-26 11:28:18.632 [main] INFO  ActionDriver -  - Clicking element: By.xpath: //button[@id='FinalCommonLoginBtn']
2026-03-26 11:28:18.632 [main] DEBUG ActionDriver -  - Waiting for element to be clickable: By.xpath: //button[@id='FinalCommonLoginBtn']
2026-03-26 11:28:18.732 [main] INFO  LoginPage -  - Clicking  on login button ......
2026-03-26 11:28:18.733 [main] INFO  BaseTest -  - === Test Setup completed ===
2026-03-26 11:28:18.738 [main] DEBUG ActionDriver -  - ActionDriver initialized with explicitWait=30 seconds
2026-03-26 11:28:25.707 [main] INFO  ActionDriver -  - Clicking element: By.xpath: //a[contains(@href,'manage-team')]
2026-03-26 11:28:25.708 [main] DEBUG ActionDriver -  - Waiting for element to be clickable: By.xpath: //a[contains(@href,'manage-team')]
2026-03-26 11:28:29.685 [main] INFO  HeaderPage -  - Manage team Clicked from header menus
2026-03-26 11:28:29.685 [main] INFO  ActionDriver -  - Clicking element: By.id: createInviteUser
2026-03-26 11:28:29.685 [main] DEBUG ActionDriver -  - Waiting for element to be clickable: By.id: createInviteUser
2026-03-26 11:28:29.808 [main] INFO  InviteUserModal -  - Click on Invite User button from Manage team
2026-03-26 11:28:30.060 [main] DEBUG ActionDriver -  - Waiting for element to be clickable: By.xpath: //div[@id='branchedSelectDiv']//button
2026-03-26 11:28:30.203 [main] DEBUG ActionDriver -  - Waiting for visibility of all the elements: By.xpath: //div[@id='branchedSelectDiv']//div[contains(@class,'dropdown-menu')]//span[@class='text']
2026-03-26 11:28:30.531 [main] INFO  InviteUserModal -  - The User selected Branch : Sigma Hospice TX Branch
2026-03-26 11:28:30.532 [main] DEBUG ActionDriver -  - Waiting for element to be clickable: By.xpath: //div[@id='userTypeSelectDiv']//button
2026-03-26 11:28:30.632 [main] DEBUG ActionDriver -  - Waiting for visibility of all the elements: By.xpath: //div[@id='userTypeSelectDiv']//div[contains(@class,'dropdown-menu')]//span[@class='text']
2026-03-26 11:28:30.854 [main] INFO  InviteUserModal -  - The User role Branch Admin is selected from By.id: addInvitationUserType
2026-03-26 11:28:30.854 [main] INFO  ActionDriver -  - Entering text into By.xpath: //div[@id='commonManageTeamModalBody']//input[@id='first_name']
2026-03-26 11:28:30.854 [main] DEBUG ActionDriver -  - Waiting for visibility of: By.xpath: //div[@id='commonManageTeamModalBody']//input[@id='first_name']
2026-03-26 11:28:30.888 [main] INFO  ActionDriver -  - The element status is : true
2026-03-26 11:28:31.004 [main] INFO  ActionDriver -  - Entering text into By.xpath: //div[@id='commonManageTeamModalBody']//input[@id='last_name']
2026-03-26 11:28:31.004 [main] DEBUG ActionDriver -  - Waiting for visibility of: By.xpath: //div[@id='commonManageTeamModalBody']//input[@id='last_name']
2026-03-26 11:28:31.037 [main] INFO  ActionDriver -  - The element status is : true
2026-03-26 11:28:31.167 [main] INFO  ActionDriver -  - Entering text into By.xpath: //div[@id='commonManageTeamModalBody']//input[@id='email']
2026-03-26 11:28:31.167 [main] DEBUG ActionDriver -  - Waiting for visibility of: By.xpath: //div[@id='commonManageTeamModalBody']//input[@id='email']
2026-03-26 11:28:31.200 [main] INFO  ActionDriver -  - The element status is : true
2026-03-26 11:28:31.472 [main] DEBUG ActionDriver -  - Waiting for element to be clickable: By.xpath: //button[@data-id='addInvitationCountryId']
2026-03-26 11:28:31.602 [main] DEBUG ActionDriver -  - Waiting for visibility of all the elements: By.xpath: //button[@data-id='addInvitationCountryId']/following::div[contains(@class,'dropdown-menu')]//span
2026-03-26 11:28:31.737 [main] INFO  ActionDriver -  - Entering text into By.xpath: //div[@id='commonManageTeamModalBody']//input[@id='phone']
2026-03-26 11:28:31.737 [main] DEBUG ActionDriver -  - Waiting for visibility of: By.xpath: //div[@id='commonManageTeamModalBody']//input[@id='phone']
2026-03-26 11:28:31.765 [main] INFO  ActionDriver -  - The element status is : true
2026-03-26 11:28:31.887 [main] INFO  InviteUserModal -  - Phone :- countryCode:+91 - Phone:9976453201
2026-03-26 11:28:31.887 [main] INFO  ActionDriver -  - Clicking element: By.id: inviteUserTeamBtn
2026-03-26 11:28:31.887 [main] DEBUG ActionDriver -  - Waiting for element to be clickable: By.id: inviteUserTeamBtn
2026-03-26 11:28:32.033 [main] INFO  InviteUserModal -  -  clicked on invite user button from modal
2026-03-26 11:28:32.033 [main] DEBUG ActionDriver -  - Waiting for element to be clickable: By.id: PendingRegTab
2026-03-26 11:28:32.057 [main] INFO  ActionDriver -  - Clicking element: By.id: PendingRegTab
2026-03-26 11:28:32.057 [main] DEBUG ActionDriver -  - Waiting for element to be clickable: By.id: PendingRegTab
2026-03-26 11:28:33.097 [main] INFO  ManageTeamPage -  - Click on Pending tab - Mange team in Team menu....
2026-03-26 11:28:33.097 [main] DEBUG ActionDriver -  - Checking if loader appears: By.xpath: //div[@id='subAdminMainNormalBodySection']//div[contains(@class,'pageAjaxLoader')]
2026-03-26 11:28:33.133 [main] DEBUG ActionDriver -  - Waiting for loader to disappear: By.xpath: //div[@id='subAdminMainNormalBodySection']//div[contains(@class,'pageAjaxLoader')]
2026-03-26 11:28:33.773 [main] DEBUG ActionDriver -  - ActionDriver initialized with explicitWait=30 seconds
2026-03-26 11:28:33.773 [main] DEBUG ActionDriver -  - Waiting for visibility of: By.xpath: //table[@id='manageteamListingsTbl']//th
2026-03-26 11:28:33.884 [main] INFO  TableComponent -  - Table column map created: {Role=2, Mobile Number=3, Name & Title=1, Actions=6, Email address=4, Invited By=5}
2026-03-26 11:28:33.885 [main] DEBUG ActionDriver -  - Waiting for visibility of: By.xpath: //div[contains(@class,'iziToast')]//p[contains(@class,'iziToast-message')]
2026-03-26 11:28:33.905 [main] DEBUG ActionDriver -  - Checking visibility for: By.xpath: //div[contains(@class,'iziToast')]//p[contains(@class,'iziToast-message')]
2026-03-26 11:28:33.905 [main] DEBUG ActionDriver -  - Waiting for visibility of: By.xpath: //div[contains(@class,'iziToast')]//p[contains(@class,'iziToast-message')]
2026-03-26 11:28:33.930 [main] INFO  InviteUserModal -  - Add/Update Invite user toast message status is : true
2026-03-26 11:28:33.930 [main] DEBUG ActionDriver -  - Waiting for visibility of: By.xpath: //div[contains(@class,'iziToast')]//p[contains(@class,'iziToast-message')]
2026-03-26 11:28:33.955 [main] DEBUG ActionDriver -  - Text retrieved from By.xpath: //div[contains(@class,'iziToast')]//p[contains(@class,'iziToast-message')]: The user has been added successfully.
2026-03-26 11:28:33.955 [main] INFO  InviteUserModal -  - Message on Add/update invite is : The user has been added successfully.
2026-03-26 11:28:33.967 [main] DEBUG ActionDriver -  - Waiting for visibility of: By.xpath: //table[@id='manageteamListingsTbl']//tbody/tr
2026-03-26 11:28:34.023 [main] INFO  TableComponent -  - Total rows found in table : 30
2026-03-26 11:28:34.051 [main] INFO  TableComponent -  - User name for debug CK Corey Kelly
2026-03-26 11:28:34.072 [main] INFO  TableComponent -  - User name for debug LM Lena Mitchel
2026-03-26 11:28:34.092 [main] INFO  TableComponent -  - User name for debug KM Kimbra Murphy
2026-03-26 11:28:34.092 [main] INFO  TableComponent -  - Row found where Name & Title = KM Kimbra Murphy
2026-03-26 11:28:34.092 [main] INFO  PendingTabComponent -  - User status in the table :true
2026-03-26 11:28:34.092 [main] DEBUG ActionDriver -  - Waiting for visibility of: By.xpath: //table[@id='manageteamListingsTbl']//tbody/tr
2026-03-26 11:28:34.140 [main] INFO  TableComponent -  - Total rows found in table : 30
2026-03-26 11:28:34.157 [main] INFO  TableComponent -  - User name for debug CK Corey Kelly
2026-03-26 11:28:34.176 [main] INFO  TableComponent -  - User name for debug LM Lena Mitchel
2026-03-26 11:28:34.197 [main] INFO  TableComponent -  - User name for debug KM Kimbra Murphy
2026-03-26 11:28:34.197 [main] INFO  TableComponent -  - Row found where Name & Title = KM Kimbra Murphy
2026-03-26 11:28:34.220 [main] INFO  TableComponent -  - Cell value for Name & Title -> KM Kimbra Murphy : kimbra_branchadmin@yopmail.com
2026-03-26 11:28:34.220 [main] INFO  PendingTabComponent -  - User name KM Kimbra Murphy, has email kimbra_branchadmin@yopmail.com
2026-03-26 11:28:34.224 [main] DEBUG BaseTest -  - @AfterMethod optional cleanup for thread: main
2026-03-26 11:28:34.225 [main] INFO  BaseTest -  - Attempting logout after test
2026-03-26 11:28:34.225 [main] DEBUG ActionDriver -  - Waiting for element to be clickable: By.id: headerUserName
2026-03-26 11:28:34.265 [main] INFO  ActionDriver -  - Clicking element: By.id: headerUserName
2026-03-26 11:28:34.265 [main] DEBUG ActionDriver -  - Waiting for element to be clickable: By.id: headerUserName
2026-03-26 11:28:34.409 [main] INFO  AppDashboardPage -  - Clicked on User Profile ....
2026-03-26 11:28:34.410 [main] DEBUG ActionDriver -  - Waiting for element to be clickable: By.xpath: //a[@class='dropdown-item cursor-pointer']
2026-03-26 11:28:34.457 [main] INFO  ActionDriver -  - Clicking element: By.xpath: //a[@class='dropdown-item cursor-pointer']
2026-03-26 11:28:34.457 [main] DEBUG ActionDriver -  - Waiting for element to be clickable: By.xpath: //a[@class='dropdown-item cursor-pointer']
2026-03-26 11:28:34.559 [main] INFO  AppDashboardPage -  - Clicked on logout from User Profile modal.....
2026-03-26 11:28:34.560 [main] DEBUG ActionDriver -  - Waiting for element to be clickable: By.xpath: //button[@id='actionYes']
2026-03-26 11:28:35.126 [main] INFO  ActionDriver -  - Clicking element: By.xpath: //button[@id='actionYes']
2026-03-26 11:28:35.126 [main] DEBUG ActionDriver -  - Waiting for element to be clickable: By.xpath: //button[@id='actionYes']
2026-03-26 11:28:37.501 [main] INFO  AppDashboardPage -  - The user click on confirm to logout.... 
2026-03-26 11:28:37.501 [main] INFO  BaseTest -  - Logout performed
2026-03-26 11:28:37.501 [main] INFO  DriverFactory -  - Quitting WebDriver for thread: main
2026-03-26 11:28:37.824 [main] DEBUG DriverFactory -  - WebDriver removed from ThreadLocal for thread: main
2026-03-26 11:28:37.825 [main] INFO  BaseTest -  - WebDriver quit and ThreadLocal cleared
